#
# A fatal error has been detected by the Java Runtime Environment:
#
#  Internal Error (javaClasses.cpp:126), pid=8184, tid=8232
#  fatal error: Invalid layout of preloaded class
#
# JRE version:  (8.0_25-b18) (build )
# Java VM: Java HotSpot(TM) 64-Bit Server VM (25.25-b02 mixed mode windows-amd64 compressed oops)
# Failed to write core dump. Minidumps are not enabled by default on client versions of Windows
#
# If you would like to submit a bug report, please visit:
#   http://bugreport.sun.com/bugreport/crash.jsp
#

---------------  T H R E A D  ---------------

Current thread (0x0000000001d2e000):  JavaThread "Unknown thread" [_thread_in_vm, id=8232, stack(0x0000000002450000,0x0000000002550000)]

Stack: [0x0000000002450000,0x0000000002550000]
Native frames: (J=compiled Java code, j=interpreted, Vv=VM code, C=native code)
V  [jvm.dll+0x31667a]
V  [jvm.dll+0x267073]
V  [jvm.dll+0x267cb3]
V  [jvm.dll+0x25f536]
V  [jvm.dll+0x5e773]
V  [jvm.dll+0x5e863]
V  [jvm.dll+0x731ca]
V  [jvm.dll+0x73528]
V  [jvm.dll+0xe48b7]
V  [jvm.dll+0xe4c46]
V  [jvm.dll+0x1f9ae7]
V  [jvm.dll+0x22b2e4]
V  [jvm.dll+0x14d571]
C  [javaw.exe+0x20c6]
C  [javaw.exe+0xc9eb]
C  [javaw.exe+0xca7f]
C  [kernel32.dll+0x159ed]
C  [ntdll.dll+0x2c521]


---------------  P R O C E S S  ---------------

Java Threads: ( => current thread )

Other Threads:

=>0x0000000001d2e000 (exited) JavaThread "Unknown thread" [_thread_in_vm, id=8232, stack(0x0000000002450000,0x0000000002550000)]

VM state:not at safepoint (not fully initialized)

VM Mutex/Monitor currently owned by a thread: None

GC Heap History (0 events):
No events

Deoptimization events (0 events):
No events

Internal exceptions (0 events):
No events

Events (10 events):
Event: 1.168 loading class java/lang/CharSequence done
Event: 1.169 loading class java/lang/String done
Event: 1.169 loading class java/lang/Class
Event: 1.169 loading class java/lang/reflect/AnnotatedElement
Event: 1.203 loading class java/lang/reflect/AnnotatedElement done
Event: 1.203 loading class java/lang/reflect/GenericDeclaration
Event: 1.204 loading class java/lang/reflect/GenericDeclaration done
Event: 1.204 loading class java/lang/reflect/Type
Event: 1.206 loading class java/lang/reflect/Type done
Event: 1.206 loading class java/lang/Class done


Dynamic libraries:
0x000000013f110000 - 0x000000013f144000 	C:\Program Files\Java\jre1.8.0_25\bin\javaw.exe
0x0000000076d80000 - 0x0000000076f29000 	C:\Windows\SYSTEM32\ntdll.dll
0x0000000076540000 - 0x000000007665f000 	C:\Windows\system32\kernel32.dll
0x000007fefd340000 - 0x000007fefd3ac000 	C:\Windows\system32\KERNELBASE.dll
0x000007fefee10000 - 0x000007fefeeeb000 	C:\Windows\system32\ADVAPI32.dll
0x000007fefef70000 - 0x000007feff00f000 	C:\Windows\system32\msvcrt.dll
0x000007fefdd30000 - 0x000007fefdd4f000 	C:\Windows\SYSTEM32\sechost.dll
0x000007fefdd50000 - 0x000007fefde7d000 	C:\Windows\system32\RPCRT4.dll
0x0000000076900000 - 0x00000000769fa000 	C:\Windows\system32\USER32.dll
0x000007fefda60000 - 0x000007fefdac7000 	C:\Windows\system32\GDI32.dll
0x000007fefda50000 - 0x000007fefda5e000 	C:\Windows\system32\LPK.dll
0x000007fefd700000 - 0x000007fefd7c9000 	C:\Windows\system32\USP10.dll
0x000007fefbc00000 - 0x000007fefbdf4000 	C:\Windows\WinSxS\amd64_microsoft.windows.common-controls_6595b64144ccf1df_6.0.7601.17514_none_fa396087175ac9ac\COMCTL32.dll
0x000007feff010000 - 0x000007feff081000 	C:\Windows\system32\SHLWAPI.dll
0x000007fefd420000 - 0x000007fefd44e000 	C:\Windows\system32\IMM32.DLL
0x000007fefed00000 - 0x000007fefee09000 	C:\Windows\system32\MSCTF.dll
0x000000006ba10000 - 0x000000006bae2000 	C:\Program Files\Java\jre1.8.0_25\bin\msvcr100.dll
0x000000006baf0000 - 0x000000006c34a000 	C:\Program Files\Java\jre1.8.0_25\bin\server\jvm.dll
0x000007fef3860000 - 0x000007fef3869000 	C:\Windows\system32\WSOCK32.dll
0x000007fefdce0000 - 0x000007fefdd2d000 	C:\Windows\system32\WS2_32.dll
0x000007fefd530000 - 0x000007fefd538000 	C:\Windows\system32\NSI.dll
0x000007fefd3e0000 - 0x000007fefd41b000 	C:\Windows\system32\WINMM.dll
0x0000000076f50000 - 0x0000000076f57000 	C:\Windows\system32\PSAPI.DLL
0x000000006d870000 - 0x000000006d87f000 	C:\Program Files\Java\jre1.8.0_25\bin\verify.dll
0x000000006b9e0000 - 0x000000006ba08000 	C:\Program Files\Java\jre1.8.0_25\bin\java.dll
0x000000006b980000 - 0x000000006b996000 	C:\Program Files\Java\jre1.8.0_25\bin\zip.dll
0x000007fef9620000 - 0x000007fef9745000 	C:\Windows\system32\dbghelp.dll

VM Arguments:
jvm_args: -Dfile.encoding=GBK -Xbootclasspath:D:\Program Files\Android\android-sdk\platforms\android-21\android.jar 
java_command: com.zjkj.yuerbao.entity.bo.ArticleItem
java_class_path (initial): D:\Eclipse_workspace\AndroidProject\bin\classes;D:\Eclipse_workspace\AndroidProject\libs\mta-sdk-1.6.2.jar;D:\Eclipse_workspace\AndroidProject\libs\android-support-v4.jar;D:\Eclipse_workspace\AndroidProject\libs\commons-codec-1.4.jar;D:\Eclipse_workspace\AndroidProject\libs\weibosdkcore_v3.0.1.jar;D:\Eclipse_workspace\AndroidProject\libs\commons-httpclient-3.1.jar;D:\Eclipse_workspace\AndroidProject\libs\open_sdk_r4547.jar;D:\Eclipse_workspace\AndroidProject\libs\jsoup-1.7.2.jar;D:\Eclipse_workspace\AndroidProject\libs\imageloadlibrary.jar;D:\Eclipse_workspace\AndroidProject\libs\fastjson-1.1.33.jar;D:\Eclipse_workspace\AndroidProject\libs\jackson-all-1.8.5.jar;D:\Eclipse_workspace\AndroidProject\libs\log4j-1.2.16.jar;D:\Eclipse_workspace\AndroidProject\libs\commons-logging-1.1.1.jar;D:\Eclipse_workspace\AndroidProject\libs\libammsdk.jar;D:\Eclipse_workspace\appcompat_v7\libs\android-support-v7-appcompat.jar;D:\Eclipse_workspace\appcompat_v7\bin\appcompat_v7.jar
Launcher Type: SUN_STANDARD

Environment Variables:
JAVA_HOME=C:\Program Files\Java\jdk1.8.0_25
CLASSPATH=C:\Program Files\Java\jdk1.8.0_25\lib\tools.jar;
PATH=C:/Program Files/Java/jre1.8.0_25/bin/server;C:/Program Files/Java/jre1.8.0_25/bin;C:/Program Files/Java/jre1.8.0_25/lib/amd64;C:\Users\Administrator\bin\Sencha\Cmd\5.0.1.231;D:\Program Files\SenchaSDKTools-2.0.0-beta3;D:\Program Files\Ruby21-x64\bin;C:\Ruby21-x64\bin;C:\ProgramData\Oracle\Java\javapath;C:\Windows\system32;C:\Windows;C:\Windows\System32\Wbem;C:\Windows\System32\WindowsPowerShell\v1.0\;C:\Program Files (x86)\ATI Technologies\ATI.ACE\Core-Static;C:\Program Files\Java\jdk1.8.0_25\bin;D:\Program Files\Mysql-5.6.21-Server\bin;D:\Program Files\TortoiseSVN\bin;D:\Program Files\eclipse;
USERNAME=Administrator
OS=Windows_NT
PROCESSOR_IDENTIFIER=AMD64 Family 21 Model 16 Stepping 1, AuthenticAMD



---------------  S Y S T E M  ---------------

OS: Windows 7 , 64 bit Build 7601 Service Pack 1

CPU:total 2 (2 cores per cpu, 1 threads per core) family 21 model 16 stepping 1, cmov, cx8, fxsr, mmx, sse, sse2, sse3, ssse3, sse4.1, sse4.2, popcnt, avx, aes, clmul, mmxext, 3dnowpref, lzcnt, sse4a, tsc, tscinvbit, tscinv, bmi1

Memory: 4k page, physical 3616884k(155712k free), swap 7379368k(575596k free)

vm_info: Java HotSpot(TM) 64-Bit Server VM (25.25-b02) for windows-amd64 JRE (1.8.0_25-b18), built on Oct  7 2014 14:25:37 by "java_re" with MS VC++ 10.0 (VS2010)

time: Tue Mar 31 17:15:08 2015
elapsed time: 1 seconds (0d 0h 0m 1s)

